<?xml version="1.0" encoding="UTF-8"?>
<!-- Generated by org.testng.reporters.JUnitReportReporter -->
<testsuite hostname="LAPTOP-8M7TIE6G" failures="0" tests="5" name="Practice.AppiumFramework.TC_01" time="127.226" errors="0" timestamp="2020-12-28T13:49:10 IST" skipped="0">
  <testcase classname="Practice.AppiumFramework.TC_01" name="sign_in" time="13.779"/>
  <system-out/>
  <testcase classname="Practice.AppiumFramework.TC_01" name="join_class" time="23.330"/>
  <system-out/>
  <testcase classname="Practice.AppiumFramework.TC_01" name="terms_of_service" time="48.330"/>
  <system-out/>
  <testcase classname="Practice.AppiumFramework.TC_01" name="manage_teachers" time="12.958"/>
  <system-out/>
  <testcase classname="Practice.AppiumFramework.TC_01" name="search_course" time="28.829"/>
  <system-out/>
</testsuite> <!-- Practice.AppiumFramework.TC_01 -->
